<?xml version="1.0" encoding="UTF-8"?>
<testsuite name="com.bhavin.SpringHibernateDemoApplicationTests" tests="1" skipped="0" failures="0" errors="0" timestamp="2016-05-17T14:54:46" hostname="Bhavin-Chauhan.local" time="0.004">
  <properties/>
  <testcase name="contextLoads" classname="com.bhavin.SpringHibernateDemoApplicationTests" time="0.004"/>
  <system-out><![CDATA[20:24:44.998 [Test worker] DEBUG org.springframework.test.context.junit4.SpringJUnit4ClassRunner - SpringJUnit4ClassRunner constructor called with [class com.bhavin.SpringHibernateDemoApplicationTests]
20:24:45.003 [Test worker] DEBUG org.springframework.test.context.BootstrapUtils - Instantiating CacheAwareContextLoaderDelegate from class [org.springframework.test.context.cache.DefaultCacheAwareContextLoaderDelegate]
20:24:45.009 [Test worker] DEBUG org.springframework.test.context.BootstrapUtils - Instantiating BootstrapContext using constructor [public org.springframework.test.context.support.DefaultBootstrapContext(java.lang.Class,org.springframework.test.context.CacheAwareContextLoaderDelegate)]
20:24:45.017 [Test worker] DEBUG org.springframework.test.context.BootstrapUtils - Instantiating TestContextBootstrapper for test class [com.bhavin.SpringHibernateDemoApplicationTests] from class [org.springframework.test.context.support.DefaultTestContextBootstrapper]
20:24:45.044 [Test worker] DEBUG org.springframework.test.context.support.DefaultTestContextBootstrapper - Found explicit ContextLoader class [org.springframework.boot.test.SpringApplicationContextLoader] for context configuration attributes [ContextConfigurationAttributes@17ad9717 declaringClass = 'com.bhavin.SpringHibernateDemoApplicationTests', classes = '{class com.bhavin.SpringHibernateDemoApplication}', locations = '{}', inheritLocations = true, initializers = '{}', inheritInitializers = true, name = [null], contextLoaderClass = 'org.springframework.boot.test.SpringApplicationContextLoader']
20:24:45.052 [Test worker] DEBUG org.springframework.test.context.support.AbstractContextLoader - Did not detect default resource location for test class [com.bhavin.SpringHibernateDemoApplicationTests]: class path resource [com/bhavin/SpringHibernateDemoApplicationTests-context.xml] does not exist
20:24:45.053 [Test worker] DEBUG org.springframework.test.context.support.AbstractContextLoader - Did not detect default resource location for test class [com.bhavin.SpringHibernateDemoApplicationTests]: class path resource [com/bhavin/SpringHibernateDemoApplicationTestsContext.groovy] does not exist
20:24:45.053 [Test worker] INFO org.springframework.test.context.support.AbstractContextLoader - Could not detect default resource locations for test class [com.bhavin.SpringHibernateDemoApplicationTests]: no resource found for suffixes {-context.xml, Context.groovy}.
20:24:45.055 [Test worker] DEBUG org.springframework.test.context.support.ActiveProfilesUtils - Could not find an 'annotation declaring class' for annotation type [org.springframework.test.context.ActiveProfiles] and class [com.bhavin.SpringHibernateDemoApplicationTests]
20:24:45.058 [Test worker] DEBUG org.springframework.test.context.support.DefaultTestContextBootstrapper - @TestExecutionListeners is not present for class [com.bhavin.SpringHibernateDemoApplicationTests]: using defaults.
20:24:45.068 [Test worker] INFO org.springframework.test.context.support.DefaultTestContextBootstrapper - Loaded default TestExecutionListener class names from location [META-INF/spring.factories]: [org.springframework.test.context.web.ServletTestExecutionListener, org.springframework.test.context.support.DirtiesContextBeforeModesTestExecutionListener, org.springframework.test.context.support.DependencyInjectionTestExecutionListener, org.springframework.test.context.support.DirtiesContextTestExecutionListener, org.springframework.test.context.transaction.TransactionalTestExecutionListener, org.springframework.test.context.jdbc.SqlScriptsTestExecutionListener]
20:24:45.093 [Test worker] INFO org.springframework.test.context.support.DefaultTestContextBootstrapper - Using TestExecutionListeners: [org.springframework.test.context.web.ServletTestExecutionListener@d806fb8, org.springframework.test.context.support.DirtiesContextBeforeModesTestExecutionListener@71f547f0, org.springframework.test.context.support.DependencyInjectionTestExecutionListener@40f73e87, org.springframework.test.context.support.DirtiesContextTestExecutionListener@373ebadd, org.springframework.test.context.transaction.TransactionalTestExecutionListener@394dfe2d, org.springframework.test.context.jdbc.SqlScriptsTestExecutionListener@62dcf433]
20:24:45.096 [Test worker] DEBUG org.springframework.test.annotation.ProfileValueUtils - Retrieved @ProfileValueSourceConfiguration [null] for test class [com.bhavin.SpringHibernateDemoApplicationTests]
20:24:45.097 [Test worker] DEBUG org.springframework.test.annotation.ProfileValueUtils - Retrieved ProfileValueSource type [class org.springframework.test.annotation.SystemProfileValueSource] for class [com.bhavin.SpringHibernateDemoApplicationTests]
20:24:45.099 [Test worker] DEBUG org.springframework.test.annotation.ProfileValueUtils - Retrieved @ProfileValueSourceConfiguration [null] for test class [com.bhavin.SpringHibernateDemoApplicationTests]
20:24:45.099 [Test worker] DEBUG org.springframework.test.annotation.ProfileValueUtils - Retrieved ProfileValueSource type [class org.springframework.test.annotation.SystemProfileValueSource] for class [com.bhavin.SpringHibernateDemoApplicationTests]
20:24:45.100 [Test worker] DEBUG org.springframework.test.annotation.ProfileValueUtils - Retrieved @ProfileValueSourceConfiguration [null] for test class [com.bhavin.SpringHibernateDemoApplicationTests]
20:24:45.100 [Test worker] DEBUG org.springframework.test.annotation.ProfileValueUtils - Retrieved ProfileValueSource type [class org.springframework.test.annotation.SystemProfileValueSource] for class [com.bhavin.SpringHibernateDemoApplicationTests]
20:24:45.102 [Test worker] DEBUG org.springframework.test.context.support.AbstractDirtiesContextTestExecutionListener - Before test class: context [DefaultTestContext@648a39b7 testClass = SpringHibernateDemoApplicationTests, testInstance = [null], testMethod = [null], testException = [null], mergedContextConfiguration = [MergedContextConfiguration@3e8dfdba testClass = SpringHibernateDemoApplicationTests, locations = '{}', classes = '{class com.bhavin.SpringHibernateDemoApplication}', contextInitializerClasses = '[]', activeProfiles = '{}', propertySourceLocations = '{}', propertySourceProperties = '{}', contextLoader = 'org.springframework.boot.test.SpringApplicationContextLoader', parent = [null]]], class annotated with @DirtiesContext [false] with mode [null].
20:24:45.103 [Test worker] DEBUG org.springframework.test.annotation.ProfileValueUtils - Retrieved @ProfileValueSourceConfiguration [null] for test class [com.bhavin.SpringHibernateDemoApplicationTests]
20:24:45.103 [Test worker] DEBUG org.springframework.test.annotation.ProfileValueUtils - Retrieved ProfileValueSource type [class org.springframework.test.annotation.SystemProfileValueSource] for class [com.bhavin.SpringHibernateDemoApplicationTests]
20:24:45.105 [Test worker] DEBUG org.springframework.test.context.support.DependencyInjectionTestExecutionListener - Performing dependency injection for test context [[DefaultTestContext@648a39b7 testClass = SpringHibernateDemoApplicationTests, testInstance = com.bhavin.SpringHibernateDemoApplicationTests@3062ab07, testMethod = [null], testException = [null], mergedContextConfiguration = [MergedContextConfiguration@3e8dfdba testClass = SpringHibernateDemoApplicationTests, locations = '{}', classes = '{class com.bhavin.SpringHibernateDemoApplication}', contextInitializerClasses = '[]', activeProfiles = '{}', propertySourceLocations = '{}', propertySourceProperties = '{}', contextLoader = 'org.springframework.boot.test.SpringApplicationContextLoader', parent = [null]]]].
20:24:45.205 [Test worker] DEBUG org.springframework.core.env.StandardEnvironment - Adding [systemProperties] PropertySource with lowest search precedence
20:24:45.207 [Test worker] DEBUG org.springframework.core.env.StandardEnvironment - Adding [systemEnvironment] PropertySource with lowest search precedence
20:24:45.207 [Test worker] DEBUG org.springframework.core.env.StandardEnvironment - Initialized StandardEnvironment with PropertySources [systemProperties,systemEnvironment]
20:24:45.208 [Test worker] DEBUG org.springframework.core.env.StandardEnvironment - Adding [integrationTest] PropertySource with search precedence immediately lower than [systemEnvironment]

  .   ____          _            __ _ _
 /\\ / ___'_ __ _ _(_)_ __  __ _ \ \ \ \
( ( )\___ | '_ | '_| | '_ \/ _` | \ \ \ \
 \\/  ___)| |_)| | | | | || (_| |  ) ) ) )
  '  |____| .__|_| |_|_| |_\__, | / / / /
 =========|_|==============|___/=/_/_/_/
 :: Spring Boot ::        (v1.3.5.RELEASE)

2016-05-17 20:24:45.465  INFO 55472 --- [    Test worker] c.b.SpringHibernateDemoApplicationTests  : Starting SpringHibernateDemoApplicationTests on Bhavin-Chauhan.local with PID 55472 (/Users/bhavinchauhan/repos/SpringHibernateSample.java/build/classes/test started by bhavinchauhan in /Users/bhavinchauhan/repos/SpringHibernateSample.java)
2016-05-17 20:24:45.466  INFO 55472 --- [    Test worker] c.b.SpringHibernateDemoApplicationTests  : No active profile set, falling back to default profiles: default
2016-05-17 20:24:45.507  INFO 55472 --- [    Test worker] s.c.a.AnnotationConfigApplicationContext : Refreshing org.springframework.context.annotation.AnnotationConfigApplicationContext@52b4bba2: startup date [Tue May 17 20:24:45 IST 2016]; root of context hierarchy
2016-05-17 20:24:46.503  INFO 55472 --- [    Test worker] c.b.SpringHibernateDemoApplicationTests  : Started SpringHibernateDemoApplicationTests in 1.291 seconds (JVM running for 2.213)
]]></system-out>
  <system-err><![CDATA[]]></system-err>
</testsuite>
